# JRE version: OpenJDK Runtime Environment (8.0_152-b01) (build 1.8.0_152-release-1343-b01)
# Java VM: OpenJDK 64-Bit Server VM (25.152-b01 mixed mode windows-amd64 compressed oops)
Heap:
 PSYoungGen      total 326144K, used 276331K [0x00000000e0000000, 0x00000000fa080000, 0x0000000100000000)
  eden space 241152K, 96% used [0x00000000e0000000,0x00000000ee2d0c08,0x00000000eeb80000)
  from space 84992K, 51% used [0x00000000eeb80000,0x00000000f168a020,0x00000000f3e80000)
  to   space 83968K, 0% used [0x00000000f4e80000,0x00000000f4e80000,0x00000000fa080000)
 ParOldGen       total 227328K, used 142325K [0x00000000a0000000, 0x00000000ade00000, 0x00000000e0000000)
  object space 227328K, 62% used [0x00000000a0000000,0x00000000a8afd470,0x00000000ade00000)
 Metaspace       used 114719K, capacity 118704K, committed 118936K, reserved 1153024K
  class space    used 14169K, capacity 14968K, committed 15016K, reserved 1048576K
GC Heap History (10 events):
Event: 914.609 GC heap before
{Heap before GC invocations=23 (full 4):
 PSYoungGen      total 266752K, used 232657K [0x00000000e0000000, 0x00000000f3280000, 0x0000000100000000)
  eden space 222720K, 100% used [0x00000000e0000000,0x00000000ed980000,0x00000000ed980000)
  from space 44032K, 22% used [0x00000000f0780000,0x00000000f1134670,0x00000000f3280000)
  to   space 45568K, 0% used [0x00000000ed980000,0x00000000ed980000,0x00000000f0600000)
 ParOldGen       total 227328K, used 65707K [0x00000000a0000000, 0x00000000ade00000, 0x00000000e0000000)
  object space 227328K, 28% used [0x00000000a0000000,0x00000000a402af38,0x00000000ade00000)
 Metaspace       used 102249K, capacity 105820K, committed 106136K, reserved 1142784K
  class space    used 12853K, capacity 13610K, committed 13736K, reserved 1048576K
Event: 914.717 GC heap after
Heap after GC invocations=23 (full 4):
 PSYoungGen      total 268288K, used 45554K [0x00000000e0000000, 0x00000000f6880000, 0x0000000100000000)
  eden space 222720K, 0% used [0x00000000e0000000,0x00000000e0000000,0x00000000ed980000)
  from space 45568K, 99% used [0x00000000ed980000,0x00000000f05fcb10,0x00000000f0600000)
  to   space 61440K, 0% used [0x00000000f2c80000,0x00000000f2c80000,0x00000000f6880000)
 ParOldGen       total 227328K, used 87288K [0x00000000a0000000, 0x00000000ade00000, 0x00000000e0000000)
  object space 227328K, 38% used [0x00000000a0000000,0x00000000a553e288,0x00000000ade00000)
 Metaspace       used 102249K, capacity 105820K, committed 106136K, reserved 1142784K
  class space    used 12853K, capacity 13610K, committed 13736K, reserved 1048576K
}
Event: 1129.484 GC heap before
{Heap before GC invocations=24 (full 4):
 PSYoungGen      total 268288K, used 268274K [0x00000000e0000000, 0x00000000f6880000, 0x0000000100000000)
  eden space 222720K, 100% used [0x00000000e0000000,0x00000000ed980000,0x00000000ed980000)
  from space 45568K, 99% used [0x00000000ed980000,0x00000000f05fcb10,0x00000000f0600000)
  to   space 61440K, 0% used [0x00000000f2c80000,0x00000000f2c80000,0x00000000f6880000)
 ParOldGen       total 227328K, used 87288K [0x00000000a0000000, 0x00000000ade00000, 0x00000000e0000000)
  object space 227328K, 38% used [0x00000000a0000000,0x00000000a553e288,0x00000000ade00000)
 Metaspace       used 103243K, capacity 106976K, committed 107160K, reserved 1142784K
  class space    used 12948K, capacity 13706K, committed 13736K, reserved 1048576K
Event: 1129.663 GC heap after
Heap after GC invocations=24 (full 4):
 PSYoungGen      total 303104K, used 41905K [0x00000000e0000000, 0x00000000f6a00000, 0x0000000100000000)
  eden space 241664K, 0% used [0x00000000e0000000,0x00000000e0000000,0x00000000eec00000)
  from space 61440K, 68% used [0x00000000f2c80000,0x00000000f556c7e0,0x00000000f6880000)
  to   space 64512K, 0% used [0x00000000eec00000,0x00000000eec00000,0x00000000f2b00000)
 ParOldGen       total 227328K, used 90186K [0x00000000a0000000, 0x00000000ade00000, 0x00000000e0000000)
  object space 227328K, 39% used [0x00000000a0000000,0x00000000a5812bd0,0x00000000ade00000)
 Metaspace       used 103243K, capacity 106976K, committed 107160K, reserved 1142784K
  class space    used 12948K, capacity 13706K, committed 13736K, reserved 1048576K
}
Event: 1965.048 GC heap before
{Heap before GC invocations=25 (full 4):
 PSYoungGen      total 303104K, used 283569K [0x00000000e0000000, 0x00000000f6a00000, 0x0000000100000000)
  eden space 241664K, 100% used [0x00000000e0000000,0x00000000eec00000,0x00000000eec00000)
  from space 61440K, 68% used [0x00000000f2c80000,0x00000000f556c7e0,0x00000000f6880000)
  to   space 64512K, 0% used [0x00000000eec00000,0x00000000eec00000,0x00000000f2b00000)
 ParOldGen       total 227328K, used 90186K [0x00000000a0000000, 0x00000000ade00000, 0x00000000e0000000)
  object space 227328K, 39% used [0x00000000a0000000,0x00000000a5812bd0,0x00000000ade00000)
 Metaspace       used 103689K, capacity 107468K, committed 107800K, reserved 1142784K
  class space    used 12971K, capacity 13744K, committed 13864K, reserved 1048576K
Event: 1965.249 GC heap after
Heap after GC invocations=25 (full 4):
 PSYoungGen      total 306176K, used 43183K [0x00000000e0000000, 0x00000000f8080000, 0x0000000100000000)
  eden space 241664K, 0% used [0x00000000e0000000,0x00000000e0000000,0x00000000eec00000)
  from space 64512K, 66% used [0x00000000eec00000,0x00000000f162bf90,0x00000000f2b00000)
  to   space 67584K, 0% used [0x00000000f3e80000,0x00000000f3e80000,0x00000000f8080000)
 ParOldGen       total 227328K, used 90194K [0x00000000a0000000, 0x00000000ade00000, 0x00000000e0000000)
  object space 227328K, 39% used [0x00000000a0000000,0x00000000a5814bd0,0x00000000ade00000)
 Metaspace       used 103689K, capacity 107468K, committed 107800K, reserved 1142784K
  class space    used 12971K, capacity 13744K, committed 13864K, reserved 1048576K
}
Event: 1974.927 GC heap before
{Heap before GC invocations=26 (full 4):
 PSYoungGen      total 306176K, used 284847K [0x00000000e0000000, 0x00000000f8080000, 0x0000000100000000)
  eden space 241664K, 100% used [0x00000000e0000000,0x00000000eec00000,0x00000000eec00000)
  from space 64512K, 66% used [0x00000000eec00000,0x00000000f162bf90,0x00000000f2b00000)
  to   space 67584K, 0% used [0x00000000f3e80000,0x00000000f3e80000,0x00000000f8080000)
 ParOldGen       total 227328K, used 90194K [0x00000000a0000000, 0x00000000ade00000, 0x00000000e0000000)
  object space 227328K, 39% used [0x00000000a0000000,0x00000000a5814bd0,0x00000000ade00000)
 Metaspace       used 109540K, capacity 113432K, committed 113560K, reserved 1148928K
  class space    used 13613K, capacity 14392K, committed 14504K, reserved 1048576K
Event: 1975.076 GC heap after
Heap after GC invocations=26 (full 4):
 PSYoungGen      total 308736K, used 67575K [0x00000000e0000000, 0x00000000fa700000, 0x0000000100000000)
  eden space 241152K, 0% used [0x00000000e0000000,0x00000000e0000000,0x00000000eeb80000)
  from space 67584K, 99% used [0x00000000f3e80000,0x00000000f807de60,0x00000000f8080000)
  to   space 84992K, 0% used [0x00000000eeb80000,0x00000000eeb80000,0x00000000f3e80000)
 ParOldGen       total 227328K, used 107263K [0x00000000a0000000, 0x00000000ade00000, 0x00000000e0000000)
  object space 227328K, 47% used [0x00000000a0000000,0x00000000a68bfef8,0x00000000ade00000)
 Metaspace       used 109540K, capacity 113432K, committed 113560K, reserved 1148928K
  class space    used 13613K, capacity 14392K, committed 14504K, reserved 1048576K
}
Event: 6773.141 GC heap before
{Heap before GC invocations=27 (full 4):
 PSYoungGen      total 308736K, used 308706K [0x00000000e0000000, 0x00000000fa700000, 0x0000000100000000)
  eden space 241152K, 99% used [0x00000000e0000000,0x00000000eeb7acd0,0x00000000eeb80000)
  from space 67584K, 99% used [0x00000000f3e80000,0x00000000f807de60,0x00000000f8080000)
  to   space 84992K, 0% used [0x00000000eeb80000,0x00000000eeb80000,0x00000000f3e80000)
 ParOldGen       total 227328K, used 107263K [0x00000000a0000000, 0x00000000ade00000, 0x00000000e0000000)
  object space 227328K, 47% used [0x00000000a0000000,0x00000000a68bfef8,0x00000000ade00000)
 Metaspace       used 109823K, capacity 113790K, committed 114072K, reserved 1148928K
  class space    used 13621K, capacity 14405K, committed 14504K, reserved 1048576K
Event: 6773.339 GC heap after
Heap after GC invocations=27 (full 4):
 PSYoungGen      total 326144K, used 44072K [0x00000000e0000000, 0x00000000fa080000, 0x0000000100000000)
  eden space 241152K, 0% used [0x00000000e0000000,0x00000000e0000000,0x00000000eeb80000)
  from space 84992K, 51% used [0x00000000eeb80000,0x00000000f168a020,0x00000000f3e80000)
  to   space 83968K, 0% used [0x00000000f4e80000,0x00000000f4e80000,0x00000000fa080000)
 ParOldGen       total 227328K, used 142325K [0x00000000a0000000, 0x00000000ade00000, 0x00000000e0000000)
  object space 227328K, 62% used [0x00000000a0000000,0x00000000a8afd470,0x00000000ade00000)
 Metaspace       used 109823K, capacity 113790K, committed 114072K, reserved 1148928K
  class space    used 13621K, capacity 14405K, committed 14504K, reserved 1048576K
}

